(root) Running:  Start Machine       [ exec-time = 0.000001 ms ]
(root) Running:  Boil Water       [ exec-time = 0.000007 ms ]
(root) Running:  Make Coffee       [ exec-time = 2.045125 ms ]
(root) Running:  Start Machine       [ exec-time = 0.000001 ms ]
(root) Running:  Boil Water       [ exec-time = 0.000004 ms ]
(root) Running:  Make Coffee       [ exec-time = 2.041796 ms ]
(root) Running:  Start Machine       [ exec-time = 0.000001 ms ]
(root) Running:  Boil Water       [ exec-time = 0.000004 ms ]
(root) Running:  Make Coffee       [ exec-time = 2.060713 ms ]
(root) Running:  Start Machine       [ exec-time = 0.000001 ms ]
(root) Running:  Boil Water       [ exec-time = 0.000004 ms ]
(root) Running:  Make Coffee       [ exec-time = 2.075123 ms ]
(root) Running:  Start Machine       [ exec-time = 0.000015 ms ]
(root) Running:  Make Coffee       [ exec-time = 0.001066 ms ]
(root) Running:  Start Machine       [ exec-time = 0.000011 ms ]
(root) Running:  Make Coffee       [ exec-time = 0.001034 ms ]
(root) Running:  Add Water       [ exec-time = 3.004988 ms ]
(root) Running:  Start Machine       [ exec-time = 2.000000 ms ]
(root) Running:  Start Machine       [ exec-time = 2.000000 ms ]
(root) Running:  Boil Water       [ exec-time = 19.000000 ms ]
(root) Running:  Make Coffee       [ exec-time = 75253.000000 ms ]
(root) Running:  Start Machine       [ exec-time = 3.000000 ms ]
(root) Running:  Boil Water       [ exec-time = 13.000000 ms ]
(root) Running:  Make Coffee       [ exec-time = 39202.000000 ms ]
(root) Running:  Start Machine       [ exec-time = 2.000000 ms ]
(root) Running:  Boil Water       [ exec-time = 15.000000 ms ]
(root) Running:  Make Coffee       [ exec-time = 39087.000000 ms ]
(root) Running:  Start Machine       [ exec-time = 2.000000 ms ]
(root) Running:  Boil Water       [ exec-time = 17.000000 ms ]
(root) Running:  Make Coffee       [ exec-time = 59261.000000 ms ]
(root) Running:  Start Machine       [ exec-time = 27.000000 ms ]
(root) Running:  Make Coffee       [ exec-time = 1351.000000 ms ]
(root) Running:  Start Machine       [ exec-time = 17.000000 ms ]
(root) Running:  Make Coffee       [ exec-time = 1261.000000 ms ]
(root) Running:  Add Water       [ exec-time = 5004.000000 ms ]
(root) Running:  Start Machine       [ exec-time = 0.000000 ms ]
(root) Running:  Boil Water       [ exec-time = 0.000000 ms ]
(root) Running:  Make Coffee       [ exec-time = 2.000000 ms ]
(root) Running:  Start Machine       [ exec-time = 0.000000 ms ]
(root) Running:  Boil Water       [ exec-time = 0.000000 ms ]
(root) Running:  Make Coffee       [ exec-time = 3.000000 ms ]
(root) Running:  Start Machine       [ exec-time = 0.000000 ms ]
(root) Running:  Boil Water       [ exec-time = 0.000000 ms ]
(root) Running:  Make Coffee       [ exec-time = 2.000000 ms ]
(root) Running:  Start Machine       [ exec-time = 0.000000 ms ]
(root) Running:  Boil Water       [ exec-time = 0.000000 ms ]
(root) Running:  Make Coffee       [ exec-time = 2.000000 ms ]
(root) Running:  Start Machine       [ exec-time = 0.000000 ms ]
(root) Running:  Make Coffee       [ exec-time = 0.000000 ms ]
(root) Running:  Start Machine       [ exec-time = 0.000000 ms ]
(root) Running:  Make Coffee       [ exec-time = 0.000000 ms ]
(root) Running:  Add Water       [ exec-time = -55.000000 ms ]
(root) Running:  Start Machine       [ exec-time = 0.000001 ms ]
(root) Running:  Boil Water       [ exec-time = 0.000016 ms ]
(root) Running:  Make Coffee       [ exec-time = 2.069278 ms ]
(root) Running:  Start Machine       [ exec-time = 0.000001 ms ]
(root) Running:  Boil Water       [ exec-time = 0.000004 ms ]
(root) Running:  Make Coffee       [ exec-time = 2.057955 ms ]
(root) Running:  Start Machine       [ exec-time = 0.000001 ms ]
(root) Running:  Boil Water       [ exec-time = 0.000004 ms ]
(root) Running:  Make Coffee       [ exec-time = 2.055611 ms ]
(root) Running:  Start Machine       [ exec-time = 0.000001 ms ]
(root) Running:  Boil Water       [ exec-time = 0.000003 ms ]
(root) Running:  Make Coffee       [ exec-time = 2.056415 ms ]
(root) Running:  Start Machine       [ exec-time = 0.000018 ms ]
(root) Running:  Make Coffee       [ exec-time = 0.001391 ms ]
(root) Running:  Start Machine       [ exec-time = 0.000016 ms ]
(root) Running:  Make Coffee       [ exec-time = 0.001338 ms ]
(root) Running:  Add Water       [ exec-time = 5.003883 ms ]
(root) Running:  Start Machine       [ exec-time = 0.000000 ms ]
(root) Running:  Boil Water       [ exec-time = 0.000000 ms ]
(root) Running:  Make Coffee       [ exec-time = 2.030000 ms ]
(root) Running:  Start Machine       [ exec-time = 0.000000 ms ]
(root) Running:  Boil Water       [ exec-time = 0.000000 ms ]
(root) Running:  Make Coffee       [ exec-time = 2.085000 ms ]
(root) Running:  Start Machine       [ exec-time = 0.000000 ms ]
(root) Running:  Boil Water       [ exec-time = 0.000000 ms ]
(root) Running:  Make Coffee       [ exec-time = 2.062000 ms ]
(root) Running:  Start Machine       [ exec-time = 0.000000 ms ]
(root) Running:  Boil Water       [ exec-time = 0.000000 ms ]
(root) Running:  Make Coffee       [ exec-time = 2.072000 ms ]
(root) Running:  Start Machine       [ exec-time = 0.000000 ms ]
(root) Running:  Make Coffee       [ exec-time = 0.001000 ms ]
(root) Running:  Start Machine       [ exec-time = 0.000000 ms ]
(root) Running:  Make Coffee       [ exec-time = 0.001000 ms ]
(root) Running:  Add Water       [ exec-time = 1.004000 ms ]
(root) Running:  Start Machine       [ exec-time = 0.0 ms ]
(root) Running:  Boil Water       [ exec-time = 0.0 ms ]
(root) Running:  Make Coffee       [ exec-time = 2.055 ms ]
(root) Running:  Start Machine       [ exec-time = 0.0 ms ]
(root) Running:  Boil Water       [ exec-time = 0.0 ms ]
(root) Running:  Make Coffee       [ exec-time = 2.04 ms ]
(root) Running:  Start Machine       [ exec-time = 0.0 ms ]
(root) Running:  Boil Water       [ exec-time = 0.0 ms ]
(root) Running:  Make Coffee       [ exec-time = 2.055 ms ]
(root) Running:  Start Machine       [ exec-time = 0.0 ms ]
(root) Running:  Boil Water       [ exec-time = 0.0 ms ]
(root) Running:  Make Coffee       [ exec-time = 2.029 ms ]
(root) Running:  Start Machine       [ exec-time = 0.0 ms ]
(root) Running:  Make Coffee       [ exec-time = 0.002 ms ]
(root) Running:  Start Machine       [ exec-time = 0.0 ms ]
(root) Running:  Make Coffee       [ exec-time = 0.002 ms ]
(root) Running:  Add Water       [ exec-time = 3.005 ms ]
(root) Running:  Start Machine       [ exec-time =   0.0 ms ]
(root) Running:  Boil Water       [ exec-time =   0.0 ms ]
(root) Running:  Make Coffee       [ exec-time = 2.054 ms ]
(root) Running:  Start Machine       [ exec-time =   0.0 ms ]
(root) Running:  Boil Water       [ exec-time =   0.0 ms ]
(root) Running:  Make Coffee       [ exec-time =  2.05 ms ]
(root) Running:  Start Machine       [ exec-time =   0.0 ms ]
(root) Running:  Boil Water       [ exec-time =   0.0 ms ]
(root) Running:  Make Coffee       [ exec-time = 2.035 ms ]
(root) Running:  Start Machine       [ exec-time =   0.0 ms ]
(root) Running:  Boil Water       [ exec-time =   0.0 ms ]
(root) Running:  Make Coffee       [ exec-time = 2.049 ms ]
(root) Running:  Start Machine       [ exec-time =   0.0 ms ]
(root) Running:  Make Coffee       [ exec-time = 0.002 ms ]
(root) Running:  Start Machine       [ exec-time =   0.0 ms ]
(root) Running:  Make Coffee       [ exec-time = 0.002 ms ]
(root) Running:  Start Machine       [ exec-time = 9.5367431640625e-07 ms ]
(root) Running:  Boil Water       [ exec-time = 2.86102294921875e-06 ms ]
(root) Running:  Make Coffee       [ exec-time = 2.0450809001922607 ms ]
(root) Running:  Start Machine       [ exec-time = 9.5367431640625e-07 ms ]
(root) Running:  Boil Water       [ exec-time = 4.0531158447265625e-06 ms ]
(root) Running:  Make Coffee       [ exec-time = 2.040191411972046 ms ]
(root) Running:  Start Machine       [ exec-time = 9.5367431640625e-07 ms ]
(root) Running:  Boil Water       [ exec-time = 2.6226043701171875e-06 ms ]
(root) Running:  Make Coffee       [ exec-time = 2.0458528995513916 ms ]
(root) Running:  Start Machine       [ exec-time = 1.9073486328125e-06 ms ]
(root) Running:  Boil Water       [ exec-time = 6.9141387939453125e-06 ms ]
(root) Running:  Make Coffee       [ exec-time = 2.0584208965301514 ms ]
(root) Running:  Start Machine       [ exec-time = 1.6927719116210938e-05 ms ]
(root) Running:  Make Coffee       [ exec-time = 0.0022590160369873047 ms ]
(root) Running:  Start Machine       [ exec-time = 1.4781951904296875e-05 ms ]
(root) Running:  Make Coffee       [ exec-time = 0.0019578933715820312 ms ]
(root) Running:  Add Water       [ exec-time = 4.004921913146973 ms ]
(root) Running:  Start Machine       [ exec-time = 9.5367431640625e-07 ms ]
(root) Running:  Boil Water       [ exec-time = 6.198883056640625e-06 ms ]
(root) Running:  Make Coffee       [ exec-time = 2.045393943786621 ms ]
(root) Running:  Start Machine       [ exec-time = 9.5367431640625e-07 ms ]
(root) Running:  Boil Water       [ exec-time = 4.0531158447265625e-06 ms ]
(root) Running:  Make Coffee       [ exec-time = 2.0687577724456787 ms ]
(root) Running:  Start Machine       [ exec-time = 9.5367431640625e-07 ms ]
(root) Running:  Boil Water       [ exec-time = 4.0531158447265625e-06 ms ]
(root) Running:  Make Coffee       [ exec-time = 2.0693938732147217 ms ]
(root) Running:  Start Machine       [ exec-time = 2.1457672119140625e-06 ms ]
(root) Running:  Boil Water       [ exec-time = 3.814697265625e-06 ms ]
(root) Running:  Make Coffee       [ exec-time = 2.06998610496521 ms ]
(root) Running:  Start Machine       [ exec-time = 1.5974044799804688e-05 ms ]
(root) Running:  Make Coffee       [ exec-time = 0.0019168853759765625 ms ]
(root) Running:  Start Machine       [ exec-time = 2.09808349609375e-05 ms ]
(root) Running:  Make Coffee       [ exec-time = 0.0018970966339111328 ms ]
(root) Running:  Add Water       [ exec-time = 1.0050530433654785 ms ]
(root) Running:  Start Machine       [ exec-time = 1.1920928955078125e-06 ms ]
(root) Running:  Boil Water       [ exec-time = 6.9141387939453125e-06 ms ]
(root) Running:  Make Coffee       [ exec-time = 2.0376570224761963 ms ]
(root) Running:  Start Machine       [ exec-time = 9.5367431640625e-07 ms ]
(root) Running:  Boil Water       [ exec-time = 5.0067901611328125e-06 ms ]
(root) Running:  Make Coffee       [ exec-time = 2.0371992588043213 ms ]
(root) Running:  Start Machine       [ exec-time = 1.9073486328125e-06 ms ]
(root) Running:  Boil Water       [ exec-time = 2.86102294921875e-06 ms ]
(root) Running:  Make Coffee       [ exec-time = 2.0373001098632812 ms ]
(root) Running:  Start Machine       [ exec-time = 1.1920928955078125e-06 ms ]
(root) Running:  Boil Water       [ exec-time = 7.867813110351562e-06 ms ]
(root) Running:  Make Coffee       [ exec-time = 2.0652987957000732 ms ]
(root) Running:  Start Machine       [ exec-time = 2.3126602172851562e-05 ms ]
(root) Running:  Make Coffee       [ exec-time = 0.0018019676208496094 ms ]
(root) Running:  Start Machine       [ exec-time = 2.7894973754882812e-05 ms ]
(root) Running:  Make Coffee       [ exec-time = 0.0018529891967773438 ms ]
(root) Running:  Start Machine       [ exec-time = 9.5367431640625e-07 ms ]
(root) Running:  Boil Water       [ exec-time = 9.059906005859375e-06 ms ]
(root) Running:  Make Coffee       [ exec-time = 2.0654361248016357 ms ]
(root) Running:  Start Machine       [ exec-time = 2.1457672119140625e-06 ms ]
(root) Running:  Boil Water       [ exec-time = 4.0531158447265625e-06 ms ]
(root) Running:  Make Coffee       [ exec-time = 2.0274739265441895 ms ]
(root) Running:  Start Machine       [ exec-time = 2.1457672119140625e-06 ms ]
(root) Running:  Boil Water       [ exec-time = 5.9604644775390625e-06 ms ]
(root) Running:  Make Coffee       [ exec-time = 2.0630252361297607 ms ]
(root) Running:  Start Machine       [ exec-time = 1.9073486328125e-06 ms ]
(root) Running:  Boil Water       [ exec-time = 5.0067901611328125e-06 ms ]
(root) Running:  Make Coffee       [ exec-time = 2.0744309425354004 ms ]
(root) Running:  Start Machine       [ exec-time = 2.193450927734375e-05 ms ]
(root) Running:  Make Coffee       [ exec-time = 0.0022127628326416016 ms ]
(root) Running:  Start Machine       [ exec-time = 2.5987625122070312e-05 ms ]
(root) Running:  Make Coffee       [ exec-time = 0.002248048782348633 ms ]
(root) Running:  Add Water       [ exec-time = 2.0011699199676514 ms ]
(root) Running:  Start Machine       [ exec-time = 0.000000 ms ]
(root) Running:  Boil Water       [ exec-time = 0.000000 ms ]
(root) Running:  Make Coffee       [ exec-time = 2.031000 ms ]
(root) Running:  Start Machine       [ exec-time = 0.000000 ms ]
(root) Running:  Boil Water       [ exec-time = 0.000000 ms ]
(root) Running:  Make Coffee       [ exec-time = 2.046000 ms ]
(root) Running:  Start Machine       [ exec-time = 0.000000 ms ]
(root) Running:  Boil Water       [ exec-time = 0.000000 ms ]
(root) Running:  Make Coffee       [ exec-time = 2.052000 ms ]
(root) Running:  Start Machine       [ exec-time = 0.000000 ms ]
(root) Running:  Boil Water       [ exec-time = 0.000000 ms ]
(root) Running:  Make Coffee       [ exec-time = 2.046000 ms ]
(root) Running:  Start Machine       [ exec-time = 0.000000 ms ]
(root) Running:  Make Coffee       [ exec-time = 0.002000 ms ]
(root) Running:  Start Machine       [ exec-time = 0.000000 ms ]
(root) Running:  Make Coffee       [ exec-time = 0.002000 ms ]
(root) Running:  Add Water       [ exec-time = 1.003000 ms ]
(root) Running:  Start Machine       [ exec-time = 0.000000 ms ]
(root) Running:  Boil Water       [ exec-time = 0.000000 ms ]
(root) Running:  Make Coffee       [ exec-time = 2.041000 ms ]
(root) Running:  Start Machine       [ exec-time = 0.000000 ms ]
(root) Running:  Boil Water       [ exec-time = 0.000000 ms ]
(root) Running:  Make Coffee       [ exec-time = 2.057000 ms ]
(root) Running:  Start Machine       [ exec-time = 0.000000 ms ]
(root) Running:  Boil Water       [ exec-time = 0.000000 ms ]
(root) Running:  Make Coffee       [ exec-time = 2.083000 ms ]
(root) Running:  Start Machine       [ exec-time = 0.000000 ms ]
(root) Running:  Boil Water       [ exec-time = 0.000000 ms ]
(root) Running:  Make Coffee       [ exec-time = 2.058000 ms ]
(root) Running:  Start Machine       [ exec-time = 0.000000 ms ]
(root) Running:  Make Coffee       [ exec-time = 0.002000 ms ]
(root) Running:  Start Machine       [ exec-time = 0.000000 ms ]
(root) Running:  Make Coffee       [ exec-time = 0.002000 ms ]
(root) Running:  Add Water       [ exec-time = 3.002000 ms ]
(root) Running:  Start Machine       [ exec-time = 0.000000 ms ]
(root) Running:  Boil Water       [ exec-time = 0.000000 ms ]
(root) Running:  Make Coffee       [ exec-time = 2.038000 ms ]
(root) Running:  Start Machine       [ exec-time = 0.000000 ms ]
(root) Running:  Boil Water       [ exec-time = 0.000000 ms ]
(root) Running:  Make Coffee       [ exec-time = 2.074000 ms ]
(root) Running:  Start Machine       [ exec-time = 0.000000 ms ]
(root) Running:  Boil Water       [ exec-time = 0.000000 ms ]
(root) Running:  Make Coffee       [ exec-time = 2.063000 ms ]
(root) Running:  Start Machine       [ exec-time = 0.000000 ms ]
(root) Running:  Boil Water       [ exec-time = 0.000000 ms ]
(root) Running:  Make Coffee       [ exec-time = 2.051000 ms ]
(root) Running:  Start Machine       [ exec-time = 0.000000 ms ]
(root) Running:  Make Coffee       [ exec-time = 0.002000 ms ]
(root) Running:  Start Machine       [ exec-time = 0.000000 ms ]
(root) Running:  Make Coffee       [ exec-time = 0.002000 ms ]
(root) Running:  Add Water       [ exec-time = 2.005000 ms ]
(root) Running:  Start Machine       [ exec-time = 0.000 ms ]
(root) Running:  Boil Water       [ exec-time = 0.000 ms ]
(root) Running:  Make Coffee       [ exec-time = 2.037 ms ]
(root) Running:  Start Machine       [ exec-time = 0.000 ms ]
(root) Running:  Boil Water       [ exec-time = 0.000 ms ]
(root) Running:  Make Coffee       [ exec-time = 2.057 ms ]
(root) Running:  Start Machine       [ exec-time = 0.000 ms ]
(root) Running:  Boil Water       [ exec-time = 0.000 ms ]
(root) Running:  Make Coffee       [ exec-time = 2.048 ms ]
(root) Running:  Start Machine       [ exec-time = 0.000 ms ]
(root) Running:  Boil Water       [ exec-time = 0.000 ms ]
(root) Running:  Make Coffee       [ exec-time = 2.061 ms ]
(root) Running:  Start Machine       [ exec-time = 0.000 ms ]
(root) Running:  Make Coffee       [ exec-time = 0.002 ms ]
(root) Running:  Start Machine       [ exec-time = 0.000 ms ]
(root) Running:  Make Coffee       [ exec-time = 0.002 ms ]
(root) Running:  Add Water       [ exec-time = 2.005 ms ]
